mode: set
github.com/Inflatablewoman/go-kms/kms/crypto.go:56.13,58.2 1 1
github.com/Inflatablewoman/go-kms/kms/crypto.go:61.29,65.16 2 1
github.com/Inflatablewoman/go-kms/kms/crypto.go:78.2,78.18 1 0
github.com/Inflatablewoman/go-kms/kms/crypto.go:65.16,75.3 4 1
github.com/Inflatablewoman/go-kms/kms/crypto.go:82.23,87.36 3 0
github.com/Inflatablewoman/go-kms/kms/crypto.go:92.2,93.16 2 0
github.com/Inflatablewoman/go-kms/kms/crypto.go:98.2,114.16 4 0
github.com/Inflatablewoman/go-kms/kms/crypto.go:119.2,120.16 2 0
github.com/Inflatablewoman/go-kms/kms/crypto.go:124.2,129.16 5 0
github.com/Inflatablewoman/go-kms/kms/crypto.go:134.2,142.83 5 0
github.com/Inflatablewoman/go-kms/kms/crypto.go:87.36,89.3 1 0
github.com/Inflatablewoman/go-kms/kms/crypto.go:93.16,96.3 2 0
github.com/Inflatablewoman/go-kms/kms/crypto.go:114.16,117.3 2 0
github.com/Inflatablewoman/go-kms/kms/crypto.go:120.16,123.3 2 0
github.com/Inflatablewoman/go-kms/kms/crypto.go:129.16,132.3 2 0
github.com/Inflatablewoman/go-kms/kms/crypto.go:146.56,148.2 1 1
github.com/Inflatablewoman/go-kms/kms/crypto.go:151.56,153.2 1 1
github.com/Inflatablewoman/go-kms/kms/crypto.go:156.33,160.2 3 0
github.com/Inflatablewoman/go-kms/kms/crypto.go:163.35,165.2 1 0
github.com/Inflatablewoman/go-kms/kms/crypto.go:168.48,171.16 2 1
github.com/Inflatablewoman/go-kms/kms/crypto.go:177.2,181.16 3 0
github.com/Inflatablewoman/go-kms/kms/crypto.go:187.2,188.16 2 0
github.com/Inflatablewoman/go-kms/kms/crypto.go:193.2,193.31 1 0
github.com/Inflatablewoman/go-kms/kms/crypto.go:171.16,174.3 2 1
github.com/Inflatablewoman/go-kms/kms/crypto.go:181.16,184.3 2 0
github.com/Inflatablewoman/go-kms/kms/crypto.go:188.16,191.3 2 0
github.com/Inflatablewoman/go-kms/kms/crypto.go:197.43,199.2 1 1
github.com/Inflatablewoman/go-kms/kms/crypto.go:202.47,204.2 1 0
github.com/Inflatablewoman/go-kms/kms/crypto.go:207.37,209.2 1 0
github.com/Inflatablewoman/go-kms/kms/crypto.go:212.72,215.16 2 1
github.com/Inflatablewoman/go-kms/kms/crypto.go:219.2,219.57 1 1
github.com/Inflatablewoman/go-kms/kms/crypto.go:215.16,217.3 1 0
github.com/Inflatablewoman/go-kms/kms/crypto.go:223.68,226.16 2 1
github.com/Inflatablewoman/go-kms/kms/crypto.go:232.2,232.41 1 1
github.com/Inflatablewoman/go-kms/kms/crypto.go:235.2,245.28 5 1
github.com/Inflatablewoman/go-kms/kms/crypto.go:226.16,228.3 1 0
github.com/Inflatablewoman/go-kms/kms/crypto.go:232.41,234.3 1 0
github.com/Inflatablewoman/go-kms/kms/crypto.go:249.72,252.16 2 1
github.com/Inflatablewoman/go-kms/kms/crypto.go:256.2,256.57 1 1
github.com/Inflatablewoman/go-kms/kms/crypto.go:252.16,254.3 1 0
github.com/Inflatablewoman/go-kms/kms/crypto.go:260.68,263.16 2 1
github.com/Inflatablewoman/go-kms/kms/crypto.go:269.2,271.56 3 1
github.com/Inflatablewoman/go-kms/kms/crypto.go:275.2,281.24 3 1
github.com/Inflatablewoman/go-kms/kms/crypto.go:263.16,265.3 1 0
github.com/Inflatablewoman/go-kms/kms/crypto.go:271.56,273.3 1 0
github.com/Inflatablewoman/go-kms/kms/crypto.go:285.55,290.2 4 1
github.com/Inflatablewoman/go-kms/kms/crypto.go:293.37,303.2 4 0
github.com/Inflatablewoman/go-kms/kms/crypto.go:308.38,309.17 1 0
github.com/Inflatablewoman/go-kms/kms/crypto.go:314.2,317.27 3 0
github.com/Inflatablewoman/go-kms/kms/crypto.go:320.2,320.50 1 0
github.com/Inflatablewoman/go-kms/kms/crypto.go:309.17,311.3 1 0
github.com/Inflatablewoman/go-kms/kms/crypto.go:317.27,319.3 1 0
github.com/Inflatablewoman/go-kms/kms/kms.go:12.14,20.16 4 0
github.com/Inflatablewoman/go-kms/kms/kms.go:25.2,25.17 1 0
github.com/Inflatablewoman/go-kms/kms/kms.go:20.16,22.3 1 0
github.com/Inflatablewoman/go-kms/kms/kms.go:43.19,47.27 2 1
github.com/Inflatablewoman/go-kms/kms/kms.go:53.2,53.27 1 1
github.com/Inflatablewoman/go-kms/kms/kms.go:60.2,60.29 1 1
github.com/Inflatablewoman/go-kms/kms/kms.go:47.27,48.25 1 1
github.com/Inflatablewoman/go-kms/kms/kms.go:48.25,50.4 1 1
github.com/Inflatablewoman/go-kms/kms/kms.go:53.27,54.22 1 1
github.com/Inflatablewoman/go-kms/kms/kms.go:54.22,56.4 1 0
github.com/Inflatablewoman/go-kms/kms/kms.go:60.29,62.17 2 1
github.com/Inflatablewoman/go-kms/kms/kms.go:62.17,64.4 1 0
github.com/Inflatablewoman/go-kms/kms/kms.go:69.43,74.36 2 0
github.com/Inflatablewoman/go-kms/kms/kms.go:78.2,79.20 2 0
github.com/Inflatablewoman/go-kms/kms/kms.go:74.36,76.3 1 0
github.com/Inflatablewoman/go-kms/kms/provider_hsm.go:20.56,28.14 5 1
github.com/Inflatablewoman/go-kms/kms/provider_hsm.go:32.2,32.39 1 1
github.com/Inflatablewoman/go-kms/kms/provider_hsm.go:37.2,42.16 4 1
github.com/Inflatablewoman/go-kms/kms/provider_hsm.go:46.2,47.21 2 1
github.com/Inflatablewoman/go-kms/kms/provider_hsm.go:51.2,52.16 2 1
github.com/Inflatablewoman/go-kms/kms/provider_hsm.go:56.2,57.16 2 1
github.com/Inflatablewoman/go-kms/kms/provider_hsm.go:68.2,68.55 1 1
github.com/Inflatablewoman/go-kms/kms/provider_hsm.go:28.14,30.3 1 0
github.com/Inflatablewoman/go-kms/kms/provider_hsm.go:32.39,34.3 1 0
github.com/Inflatablewoman/go-kms/kms/provider_hsm.go:42.16,44.3 1 0
github.com/Inflatablewoman/go-kms/kms/provider_hsm.go:47.21,49.3 1 0
github.com/Inflatablewoman/go-kms/kms/provider_hsm.go:52.16,54.3 1 0
github.com/Inflatablewoman/go-kms/kms/provider_hsm.go:57.16,59.3 1 0
github.com/Inflatablewoman/go-kms/kms/provider_hsm.go:72.80,77.16 3 1
github.com/Inflatablewoman/go-kms/kms/provider_hsm.go:83.2,84.16 2 1
github.com/Inflatablewoman/go-kms/kms/provider_hsm.go:88.2,88.58 1 1
github.com/Inflatablewoman/go-kms/kms/provider_hsm.go:93.2,93.20 1 1
github.com/Inflatablewoman/go-kms/kms/provider_hsm.go:77.16,80.3 2 0
github.com/Inflatablewoman/go-kms/kms/provider_hsm.go:84.16,87.3 2 0
github.com/Inflatablewoman/go-kms/kms/provider_hsm.go:88.58,91.3 2 0
github.com/Inflatablewoman/go-kms/kms/provider_hsm.go:97.80,100.16 2 1
github.com/Inflatablewoman/go-kms/kms/provider_hsm.go:105.2,107.16 2 1
github.com/Inflatablewoman/go-kms/kms/provider_hsm.go:112.2,116.16 4 1
github.com/Inflatablewoman/go-kms/kms/provider_hsm.go:122.2,124.27 2 1
github.com/Inflatablewoman/go-kms/kms/provider_hsm.go:100.16,103.3 2 0
github.com/Inflatablewoman/go-kms/kms/provider_hsm.go:107.16,110.3 2 0
github.com/Inflatablewoman/go-kms/kms/provider_hsm.go:116.16,120.3 2 0
github.com/Inflatablewoman/go-kms/kms/provider_hsm.go:128.80,131.16 2 1
github.com/Inflatablewoman/go-kms/kms/provider_hsm.go:136.2,137.16 2 1
github.com/Inflatablewoman/go-kms/kms/provider_hsm.go:143.2,144.16 2 1
github.com/Inflatablewoman/go-kms/kms/provider_hsm.go:149.2,151.27 2 1
github.com/Inflatablewoman/go-kms/kms/provider_hsm.go:131.16,134.3 2 0
github.com/Inflatablewoman/go-kms/kms/provider_hsm.go:137.16,140.3 2 0
github.com/Inflatablewoman/go-kms/kms/provider_hsm.go:144.16,147.3 2 0
github.com/Inflatablewoman/go-kms/kms/server.go:27.22,36.46 4 0
github.com/Inflatablewoman/go-kms/kms/server.go:43.2,44.46 1 0
github.com/Inflatablewoman/go-kms/kms/server.go:51.2,52.46 1 0
github.com/Inflatablewoman/go-kms/kms/server.go:61.2,62.100 2 0
github.com/Inflatablewoman/go-kms/kms/server.go:36.46,40.4 3 0
github.com/Inflatablewoman/go-kms/kms/server.go:44.46,48.4 3 0
github.com/Inflatablewoman/go-kms/kms/server.go:52.46,56.4 3 0
github.com/Inflatablewoman/go-kms/kms/server.go:62.100,64.3 1 0
github.com/Inflatablewoman/go-kms/kms/server.go:69.31,77.38 3 0
github.com/Inflatablewoman/go-kms/kms/server.go:93.2,96.27 2 0
github.com/Inflatablewoman/go-kms/kms/server.go:77.38,82.17 4 0
github.com/Inflatablewoman/go-kms/kms/server.go:87.3,90.9 2 0
github.com/Inflatablewoman/go-kms/kms/server.go:82.17,84.4 1 0
github.com/Inflatablewoman/go-kms/kms/server.go:111.160,118.37 2 0
github.com/Inflatablewoman/go-kms/kms/server.go:123.2,127.77 2 0
github.com/Inflatablewoman/go-kms/kms/server.go:118.37,120.3 1 0
github.com/Inflatablewoman/go-kms/kms/server.go:142.136,149.37 2 0
github.com/Inflatablewoman/go-kms/kms/server.go:155.2,155.71 1 0
github.com/Inflatablewoman/go-kms/kms/server.go:149.37,151.3 1 0
github.com/Inflatablewoman/go-kms/kms/server.go:170.136,177.37 2 0
github.com/Inflatablewoman/go-kms/kms/server.go:183.2,183.66 1 0
github.com/Inflatablewoman/go-kms/kms/server.go:177.37,179.3 1 0
github.com/Inflatablewoman/go-kms/kms/server.go:186.91,191.2 2 0
github.com/Inflatablewoman/go-kms/kms/server.go:194.70,204.27 6 0
github.com/Inflatablewoman/go-kms/kms/server.go:209.2,209.30 1 0
github.com/Inflatablewoman/go-kms/kms/server.go:204.27,206.3 1 0
github.com/Inflatablewoman/go-kms/kms/server.go:213.42,217.2 2 0
